<?xml version="1.0" encoding="UTF-8"?>
<!-- Generated by org.testng.reporters.JUnitReportReporter -->
<testsuite skipped="0" hostname="EPBYMINW2705" name="STTA.MavenProject.SampleTest_with_PageObjectSample" tests="1" failures="0" timestamp="03 Aug 2017 12:38:23 GMT" time="32.776" errors="0">
  <testcase name="sampleTest" time="32.776" classname="STTA.MavenProject.SampleTest_with_PageObjectSample"/>
</testsuite> <!-- STTA.MavenProject.SampleTest_with_PageObjectSample -->
