<?xml version="1.0" encoding="UTF-8"?>
<!-- Generated by org.testng.reporters.JUnitReportReporter -->
<testsuite skipped="0" hostname="EPBYMINW2705" name="STTA.MavenProject.SimpleTest" tests="1" failures="0" timestamp="03 Aug 2017 12:11:30 GMT" time="6.540" errors="0">
  <testcase name="tstWt" time="6.540" classname="STTA.MavenProject.SimpleTest"/>
</testsuite> <!-- STTA.MavenProject.SimpleTest -->
